{"name": "test_loginFailMethod", "status": "failed", "statusDetails": {"message": "AssertionError", "trace": "self = <AppiumFrameWork.tests.LoginTest.LoginTest testMethod=test_loginFailMethod>\n\n    @pytest.mark.run(order=1)\n    def test_loginFailMethod(self):\n        cl.allureLogs(\"App Opened\")\n        self.gt.clickLoginBotton()\n        self.gt.enterEmail()\n        self.gt.enterPassword2()\n        self.gt.clickOnLoginB()\n>       self.gt.verifyAdminScreen()\n\nLoginTest.py:37: \n_ _ _ _ _ _ _ _ _ _ _ _ _ _ _ _ _ _ _ _ _ _ _ _ _ _ _ _ _ _ _ _ _ _ _ _ _ _ _ _ _ _ _ _ _ _ _ _ _ _ _ _ _ _ _ _ _ _ _ _ _ _ _ _ _ _ _ _ _ _ _ _ _ _ _ _ _ _ _ _ _ _ \n\nself = <AppiumFrameWork.pages.LoginPage.LoginPageTest object at 0x000001E2FBC45828>\n\n    def verifyAdminScreen(self):\n        adminScreen = self.isDisplayed(self._pageTitle,\"text\")\n>       assert adminScreen == True\nE       AssertionError\n\n..\\pages\\LoginPage.py:44: AssertionError"}, "steps": [{"name": "App Opened", "status": "passed", "start": 1614241570361, "stop": 1614241570361}, {"name": "Click on Login Button", "status": "passed", "start": 1614241571243, "stop": 1614241571243}, {"name": "Entered email id", "status": "passed", "start": 1614241573169, "stop": 1614241573169}, {"name": "Entered Password", "status": "passed", "start": 1614241575382, "stop": 1614241575382}, {"name": "Clicked on Login Button in Login Screen", "status": "passed", "start": 1614241577348, "stop": 1614241577348}], "attachments": [{"name": "id", "source": "91ed1fa7-d999-4395-b225-aa24a7e679bb-attachment.png", "type": "image/png"}, {"name": "index", "source": "07a4795b-a7fa-490e-b50b-263ea52282ab-attachment.png", "type": "image/png"}, {"name": "text", "source": "04e237da-803a-491e-b65c-6a9bc4258fd5-attachment.png", "type": "image/png"}, {"name": "id", "source": "98fad735-62b8-42be-a7fe-979aea66b61a-attachment.png", "type": "image/png"}, {"name": "text", "source": "c682e223-153e-499d-9caf-8e61d691ad4b-attachment.png", "type": "image/png"}, {"name": "log", "source": "206fa5ae-649a-4b31-859d-19afc57b2c75-attachment.txt", "type": "text/plain"}], "start": 1614241570361, "stop": 1614241603127, "uuid": "d9ef28c4-8152-41f7-bc1c-ed6ab0b8ec22", "historyId": "aeb6c84858cb897d59574054d46d09e3", "testCaseId": "1512c76b4b2d60f059541c0f73c45353", "fullName": "TestSuite.LoginTest#test_loginFailMethod", "labels": [{"name": "tag", "value": "run(order=1)"}, {"name": "tag", "value": "@pytest.mark.usefixtures('beforeClass', 'beforeMethod')"}, {"name": "suite", "value": "TestSuite"}, {"name": "subSuite", "value": "LoginTest"}, {"name": "host", "value": "DESKTOP-PHNO3GQ"}, {"name": "thread", "value": "7760-MainThread"}, {"name": "framework", "value": "pytest"}, {"name": "language", "value": "cpython3"}, {"name": "package", "value": "TestSuite"}]}